16:44:05.999 [main] INFO  by.training.array.service.impl.ArrayServiceStreamImpl - sum value stream: 12.0
16:44:06.013 [main] INFO  by.training.array.service.impl.ArrayServiceStreamImpl - count of positive values stream: 5
16:50:56.341 [main] INFO  by.training.array.service.impl.ArrayServiceStreamImpl - count of negative values stream: 4
16:50:56.346 [main] INFO  by.training.array.service.impl.ArrayServiceStreamImpl - average value stream: 2.0
16:50:56.347 [main] INFO  by.training.array.service.impl.ArrayServiceStreamImpl - sum value stream: 12.0
16:50:56.352 [main] INFO  by.training.array.service.impl.ArrayServiceStreamImpl - count of positive values stream: 5
16:52:59.603 [main] INFO  by.training.array.service.impl.ArrayServiceStreamImpl - min value stream: -5.0
16:52:59.608 [main] INFO  by.training.array.service.impl.ArrayServiceStreamImpl - count of negative values stream: 4
16:52:59.610 [main] INFO  by.training.array.service.impl.ArrayServiceStreamImpl - average value stream: 2.0
16:52:59.611 [main] INFO  by.training.array.service.impl.ArrayServiceStreamImpl - sum value stream: 12.0
16:52:59.614 [main] INFO  by.training.array.service.impl.ArrayServiceStreamImpl - modified array stream: []
16:52:59.621 [main] INFO  by.training.array.service.impl.ArrayServiceStreamImpl - modified array stream: [0.0, 0.0, 8.0, 0.0, 0.0, 0.0]
16:52:59.623 [main] INFO  by.training.array.service.impl.ArrayServiceStreamImpl - count of positive values stream: 5
16:52:59.625 [main] INFO  by.training.array.service.impl.ArrayServiceStreamImpl - max value stream: 22.0
16:55:42.836 [main] INFO  by.training.array.service.impl.ArrayServiceStreamImpl - min value stream: -5.0
16:55:42.841 [main] INFO  by.training.array.service.impl.ArrayServiceStreamImpl - count of negative values stream: 4
16:55:42.843 [main] INFO  by.training.array.service.impl.ArrayServiceStreamImpl - average value stream: 2.0
16:55:42.846 [main] INFO  by.training.array.service.impl.ArrayServiceStreamImpl - sum value stream: 12.0
16:55:42.849 [main] INFO  by.training.array.service.impl.ArrayServiceStreamImpl - modified array stream: []
16:55:42.851 [main] INFO  by.training.array.service.impl.ArrayServiceStreamImpl - modified array stream: [0.0, 0.0, 8.0, 0.0, 0.0, 0.0]
16:55:42.853 [main] INFO  by.training.array.service.impl.ArrayServiceStreamImpl - count of positive values stream: 5
16:55:42.854 [main] INFO  by.training.array.service.impl.ArrayServiceStreamImpl - max value stream: 22.0
